  [1m[36m (1.7ms)[0m  [1mDROP DATABASE IF EXISTS "wdi_2_assessment_sql_activerecord_test"[0m
  [1m[35m (363.1ms)[0m  CREATE DATABASE "wdi_2_assessment_sql_activerecord_test" ENCODING = 'unicode'
  [1m[36m (14.2ms)[0m  [1mCREATE TABLE "schema_migrations" ("version" character varying NOT NULL) [0m
  [1m[35m (2.6ms)[0m  CREATE UNIQUE INDEX  "unique_schema_migrations" ON "schema_migrations"  ("version")
  [1m[36mActiveRecord::SchemaMigration Load (0.4ms)[0m  [1mSELECT "schema_migrations".* FROM "schema_migrations"[0m
Migrating to CreateGuitars (20150119205100)
  [1m[35m (0.1ms)[0m  BEGIN
  [1m[36m (8.5ms)[0m  [1mCREATE TABLE "guitars" ("id" serial primary key, "make" character varying, "model" character varying, "year" integer, "created_at" timestamp NOT NULL, "updated_at" timestamp NOT NULL) [0m
  [1m[35mSQL (0.4ms)[0m  INSERT INTO "schema_migrations" ("version") VALUES ($1)  [["version", "20150119205100"]]
  [1m[36m (0.9ms)[0m  [1mCOMMIT[0m
  [1m[35mActiveRecord::SchemaMigration Load (0.5ms)[0m  SELECT "schema_migrations".* FROM "schema_migrations"
  [1m[36m (5.5ms)[0m  [1mSELECT t2.oid::regclass::text AS to_table, a1.attname AS column, a2.attname AS primary_key, c.conname AS name, c.confupdtype AS on_update, c.confdeltype AS on_delete
FROM pg_constraint c
JOIN pg_class t1 ON c.conrelid = t1.oid
JOIN pg_class t2 ON c.confrelid = t2.oid
JOIN pg_attribute a1 ON a1.attnum = c.conkey[1] AND a1.attrelid = t1.oid
JOIN pg_attribute a2 ON a2.attnum = c.confkey[1] AND a2.attrelid = t2.oid
JOIN pg_namespace t3 ON c.connamespace = t3.oid
WHERE c.contype = 'f'
  AND t1.relname = 'guitars'
  AND t3.nspname = ANY (current_schemas(false))
ORDER BY c.conname
[0m
  [1m[36m (121.1ms)[0m  [1mDROP DATABASE IF EXISTS "wdi_2_assessment_sql_activerecord_test"[0m
  [1m[35m (241.4ms)[0m  CREATE DATABASE "wdi_2_assessment_sql_activerecord_test" ENCODING = 'unicode'
  [1m[36mSQL (1.1ms)[0m  [1mCREATE EXTENSION IF NOT EXISTS "plpgsql"[0m
  [1m[35m (8.5ms)[0m  CREATE TABLE "guitars" ("id" serial primary key, "make" character varying, "model" character varying, "year" integer, "created_at" timestamp NOT NULL, "updated_at" timestamp NOT NULL) 
  [1m[36m (2.3ms)[0m  [1mCREATE TABLE "schema_migrations" ("version" character varying NOT NULL) [0m
  [1m[35m (1.6ms)[0m  CREATE UNIQUE INDEX  "unique_schema_migrations" ON "schema_migrations"  ("version")
  [1m[36m (0.3ms)[0m  [1mSELECT version FROM "schema_migrations"[0m
  [1m[35m (0.5ms)[0m  INSERT INTO "schema_migrations" (version) VALUES ('20150119205100')
  [1m[36mActiveRecord::SchemaMigration Load (0.6ms)[0m  [1mSELECT "schema_migrations".* FROM "schema_migrations"[0m
  [1m[35mActiveRecord::SchemaMigration Load (0.2ms)[0m  SELECT "schema_migrations".* FROM "schema_migrations"
Migrating to CreateGuitars (20150119205100)
  [1m[36m (0.1ms)[0m  [1mBEGIN[0m
  [1m[35m (3.9ms)[0m  DROP TABLE "guitars"
  [1m[36mSQL (1.1ms)[0m  [1mDELETE FROM "schema_migrations" WHERE "schema_migrations"."version" = $1[0m  [["version", "20150119205100"]]
  [1m[35m (1.6ms)[0m  COMMIT
  [1m[36mActiveRecord::SchemaMigration Load (0.2ms)[0m  [1mSELECT "schema_migrations".* FROM "schema_migrations"[0m
  [1m[36mActiveRecord::SchemaMigration Load (1.6ms)[0m  [1mSELECT "schema_migrations".* FROM "schema_migrations"[0m
Migrating to CreateGuitars (20150119205100)
  [1m[35m (0.1ms)[0m  BEGIN
  [1m[36m (6.8ms)[0m  [1mCREATE TABLE "guitars" ("id" serial primary key, "make" character varying, "model" character varying, "price" decimal) [0m
  [1m[35mSQL (0.2ms)[0m  INSERT INTO "schema_migrations" ("version") VALUES ($1)  [["version", "20150119205100"]]
  [1m[36m (0.7ms)[0m  [1mCOMMIT[0m
  [1m[35mActiveRecord::SchemaMigration Load (0.3ms)[0m  SELECT "schema_migrations".* FROM "schema_migrations"
  [1m[36m (4.7ms)[0m  [1mSELECT t2.oid::regclass::text AS to_table, a1.attname AS column, a2.attname AS primary_key, c.conname AS name, c.confupdtype AS on_update, c.confdeltype AS on_delete
FROM pg_constraint c
JOIN pg_class t1 ON c.conrelid = t1.oid
JOIN pg_class t2 ON c.confrelid = t2.oid
JOIN pg_attribute a1 ON a1.attnum = c.conkey[1] AND a1.attrelid = t1.oid
JOIN pg_attribute a2 ON a2.attnum = c.confkey[1] AND a2.attrelid = t2.oid
JOIN pg_namespace t3 ON c.connamespace = t3.oid
WHERE c.contype = 'f'
  AND t1.relname = 'guitars'
  AND t3.nspname = ANY (current_schemas(false))
ORDER BY c.conname
[0m
  [1m[36m (116.3ms)[0m  [1mDROP DATABASE IF EXISTS "wdi_2_assessment_sql_activerecord_test"[0m
  [1m[35m (262.2ms)[0m  CREATE DATABASE "wdi_2_assessment_sql_activerecord_test" ENCODING = 'unicode'
  [1m[36mSQL (0.3ms)[0m  [1mCREATE EXTENSION IF NOT EXISTS "plpgsql"[0m
  [1m[35m (8.5ms)[0m  CREATE TABLE "guitars" ("id" serial primary key, "make" character varying, "model" character varying, "price" decimal) 
  [1m[36m (2.2ms)[0m  [1mCREATE TABLE "schema_migrations" ("version" character varying NOT NULL) [0m
  [1m[35m (1.6ms)[0m  CREATE UNIQUE INDEX  "unique_schema_migrations" ON "schema_migrations"  ("version")
  [1m[36m (0.4ms)[0m  [1mSELECT version FROM "schema_migrations"[0m
  [1m[35m (0.5ms)[0m  INSERT INTO "schema_migrations" (version) VALUES ('20150119205100')
  [1m[36m (8.0ms)[0m  [1mCREATE TABLE "schema_migrations" ("version" character varying NOT NULL) [0m
  [1m[35m (2.1ms)[0m  CREATE UNIQUE INDEX  "unique_schema_migrations" ON "schema_migrations"  ("version")
  [1m[36mActiveRecord::SchemaMigration Load (0.4ms)[0m  [1mSELECT "schema_migrations".* FROM "schema_migrations"[0m
Migrating to CreateGuitars (20150119205100)
  [1m[35m (0.1ms)[0m  BEGIN
  [1m[36m (4.4ms)[0m  [1mCREATE TABLE "guitars" ("id" serial primary key, "make" character varying, "model" character varying, "price" decimal) [0m
  [1m[35mSQL (0.3ms)[0m  INSERT INTO "schema_migrations" ("version") VALUES ($1)  [["version", "20150119205100"]]
  [1m[36m (0.4ms)[0m  [1mCOMMIT[0m
  [1m[35mActiveRecord::SchemaMigration Load (0.4ms)[0m  SELECT "schema_migrations".* FROM "schema_migrations"
  [1m[36m (3.1ms)[0m  [1mSELECT t2.oid::regclass::text AS to_table, a1.attname AS column, a2.attname AS primary_key, c.conname AS name, c.confupdtype AS on_update, c.confdeltype AS on_delete
FROM pg_constraint c
JOIN pg_class t1 ON c.conrelid = t1.oid
JOIN pg_class t2 ON c.confrelid = t2.oid
JOIN pg_attribute a1 ON a1.attnum = c.conkey[1] AND a1.attrelid = t1.oid
JOIN pg_attribute a2 ON a2.attnum = c.confkey[1] AND a2.attrelid = t2.oid
JOIN pg_namespace t3 ON c.connamespace = t3.oid
WHERE c.contype = 'f'
  AND t1.relname = 'guitars'
  AND t3.nspname = ANY (current_schemas(false))
ORDER BY c.conname
[0m
  [1m[36m (121.7ms)[0m  [1mDROP DATABASE IF EXISTS "wdi_2_assessment_sql_activerecord_test"[0m
  [1m[35m (262.5ms)[0m  CREATE DATABASE "wdi_2_assessment_sql_activerecord_test" ENCODING = 'unicode'
  [1m[36mSQL (0.4ms)[0m  [1mCREATE EXTENSION IF NOT EXISTS "plpgsql"[0m
  [1m[35m (7.1ms)[0m  CREATE TABLE "guitars" ("id" serial primary key, "make" character varying, "model" character varying, "price" decimal) 
  [1m[36m (2.0ms)[0m  [1mCREATE TABLE "schema_migrations" ("version" character varying NOT NULL) [0m
  [1m[35m (1.2ms)[0m  CREATE UNIQUE INDEX  "unique_schema_migrations" ON "schema_migrations"  ("version")
  [1m[36m (0.3ms)[0m  [1mSELECT version FROM "schema_migrations"[0m
  [1m[35m (0.4ms)[0m  INSERT INTO "schema_migrations" (version) VALUES ('20150119205100')
  [1m[36mActiveRecord::SchemaMigration Load (3.4ms)[0m  [1mSELECT "schema_migrations".* FROM "schema_migrations"[0m
  [1m[35m (2.2ms)[0m  SELECT t2.oid::regclass::text AS to_table, a1.attname AS column, a2.attname AS primary_key, c.conname AS name, c.confupdtype AS on_update, c.confdeltype AS on_delete
FROM pg_constraint c
JOIN pg_class t1 ON c.conrelid = t1.oid
JOIN pg_class t2 ON c.confrelid = t2.oid
JOIN pg_attribute a1 ON a1.attnum = c.conkey[1] AND a1.attrelid = t1.oid
JOIN pg_attribute a2 ON a2.attnum = c.confkey[1] AND a2.attrelid = t2.oid
JOIN pg_namespace t3 ON c.connamespace = t3.oid
WHERE c.contype = 'f'
  AND t1.relname = 'guitars'
  AND t3.nspname = ANY (current_schemas(false))
ORDER BY c.conname

  [1m[36m (1.4ms)[0m  [1mSELECT t2.oid::regclass::text AS to_table, a1.attname AS column, a2.attname AS primary_key, c.conname AS name, c.confupdtype AS on_update, c.confdeltype AS on_delete
FROM pg_constraint c
JOIN pg_class t1 ON c.conrelid = t1.oid
JOIN pg_class t2 ON c.confrelid = t2.oid
JOIN pg_attribute a1 ON a1.attnum = c.conkey[1] AND a1.attrelid = t1.oid
JOIN pg_attribute a2 ON a2.attnum = c.confkey[1] AND a2.attrelid = t2.oid
JOIN pg_namespace t3 ON c.connamespace = t3.oid
WHERE c.contype = 'f'
  AND t1.relname = 'table_guitars'
  AND t3.nspname = ANY (current_schemas(false))
ORDER BY c.conname
[0m
  [1m[35m (112.9ms)[0m  DROP DATABASE IF EXISTS "wdi_2_assessment_sql_activerecord_test"
  [1m[36m (315.9ms)[0m  [1mCREATE DATABASE "wdi_2_assessment_sql_activerecord_test" ENCODING = 'unicode'[0m
  [1m[35mSQL (1.0ms)[0m  CREATE EXTENSION IF NOT EXISTS "plpgsql"
  [1m[36m (4.9ms)[0m  [1mCREATE TABLE "guitars" ("id" serial primary key, "make" character varying, "model" character varying, "price" decimal) [0m
  [1m[35m (2.3ms)[0m  CREATE TABLE "table_guitars" ("id" serial primary key, "make" character varying, "model" character varying, "price" integer) 
  [1m[36m (1.5ms)[0m  [1mCREATE TABLE "schema_migrations" ("version" character varying NOT NULL) [0m
  [1m[35m (0.9ms)[0m  CREATE UNIQUE INDEX  "unique_schema_migrations" ON "schema_migrations"  ("version")
  [1m[36m (0.2ms)[0m  [1mSELECT version FROM "schema_migrations"[0m
  [1m[35m (0.3ms)[0m  INSERT INTO "schema_migrations" (version) VALUES ('20150123143410')
  [1m[36m (2.1ms)[0m  [1mCREATE TABLE "schema_migrations" ("version" character varying NOT NULL) [0m
  [1m[35m (0.9ms)[0m  CREATE UNIQUE INDEX  "unique_schema_migrations" ON "schema_migrations"  ("version")
  [1m[36mActiveRecord::SchemaMigration Load (0.2ms)[0m  [1mSELECT "schema_migrations".* FROM "schema_migrations"[0m
  [1m[35m (109.0ms)[0m  DROP DATABASE IF EXISTS "wdi_2_assessment_sql_activerecord_test"
  [1m[36m (229.0ms)[0m  [1mCREATE DATABASE "wdi_2_assessment_sql_activerecord_test" ENCODING = 'unicode'[0m
  [1m[35mSQL (0.3ms)[0m  CREATE EXTENSION IF NOT EXISTS "plpgsql"
  [1m[36m (2.1ms)[0m  [1mCREATE TABLE "schema_migrations" ("version" character varying NOT NULL) [0m
  [1m[35m (0.8ms)[0m  CREATE UNIQUE INDEX  "unique_schema_migrations" ON "schema_migrations"  ("version")
  [1m[36m (0.2ms)[0m  [1mSELECT version FROM "schema_migrations"[0m
  [1m[35m (0.3ms)[0m  INSERT INTO "schema_migrations" (version) VALUES ('0')


Started GET "/" for ::1 at 2015-01-26 09:17:14 -0500
Processing by Rails::WelcomeController#index as HTML
  Rendered /usr/local/var/rbenv/versions/2.2.0/lib/ruby/gems/2.2.0/gems/railties-4.2.0/lib/rails/templates/rails/welcome/index.html.erb (1.7ms)
Completed 200 OK in 18ms (Views: 10.2ms | ActiveRecord: 0.0ms)


Started GET "/guitars" for ::1 at 2015-01-26 09:17:18 -0500
Processing by GuitarsController#index as HTML
  Rendered guitars/index.html.erb within layouts/application (0.2ms)
Completed 200 OK in 365ms (Views: 364.5ms | ActiveRecord: 0.0ms)


Started GET "/assets/application-823e88bf1231c4323ee1d35731d8f1b6.css?body=1" for ::1 at 2015-01-26 09:17:19 -0500


Started GET "/assets/jquery-eb3e278249152b5b5d5170b73d9dbf52.js?body=1" for ::1 at 2015-01-26 09:17:19 -0500


Started GET "/assets/jquery_ujs-0b8f09cf5aec4ba1be1abd9f915c77e2.js?body=1" for ::1 at 2015-01-26 09:17:19 -0500


Started GET "/assets/turbolinks-924184401b7d116eadaaefc96895fa84.js?body=1" for ::1 at 2015-01-26 09:17:19 -0500


Started GET "/assets/application-87bd87b2b6448711535da63878431bdf.js?body=1" for ::1 at 2015-01-26 09:17:19 -0500
  [1m[36mActiveRecord::SchemaMigration Load (0.2ms)[0m  [1mSELECT "schema_migrations".* FROM "schema_migrations"[0m
Migrating to CreateGuitars (20150126141847)
  [1m[35m (0.1ms)[0m  BEGIN
  [1m[36m (4.3ms)[0m  [1mCREATE TABLE "guitars" ("id" serial primary key, "make" character varying, "model" character varying, "price" decimal) [0m
  [1m[35mSQL (0.3ms)[0m  INSERT INTO "schema_migrations" ("version") VALUES ($1)  [["version", "20150126141847"]]
  [1m[36m (0.7ms)[0m  [1mCOMMIT[0m
  [1m[35mActiveRecord::SchemaMigration Load (0.1ms)[0m  SELECT "schema_migrations".* FROM "schema_migrations"
  [1m[36m (1.7ms)[0m  [1mSELECT t2.oid::regclass::text AS to_table, a1.attname AS column, a2.attname AS primary_key, c.conname AS name, c.confupdtype AS on_update, c.confdeltype AS on_delete
FROM pg_constraint c
JOIN pg_class t1 ON c.conrelid = t1.oid
JOIN pg_class t2 ON c.confrelid = t2.oid
JOIN pg_attribute a1 ON a1.attnum = c.conkey[1] AND a1.attrelid = t1.oid
JOIN pg_attribute a2 ON a2.attnum = c.confkey[1] AND a2.attrelid = t2.oid
JOIN pg_namespace t3 ON c.connamespace = t3.oid
WHERE c.contype = 'f'
  AND t1.relname = 'guitars'
  AND t3.nspname = ANY (current_schemas(false))
ORDER BY c.conname
[0m


Started GET "/guitars" for ::1 at 2015-01-26 09:21:40 -0500
  [1m[36mActiveRecord::SchemaMigration Load (0.3ms)[0m  [1mSELECT "schema_migrations".* FROM "schema_migrations"[0m
Processing by GuitarsController#index as HTML
  Rendered guitars/index.html.erb within layouts/application (0.0ms)
Completed 200 OK in 23ms (Views: 21.6ms | ActiveRecord: 0.0ms)


Started GET "/assets/application-823e88bf1231c4323ee1d35731d8f1b6.css?body=1" for ::1 at 2015-01-26 09:21:40 -0500


Started GET "/assets/jquery-eb3e278249152b5b5d5170b73d9dbf52.js?body=1" for ::1 at 2015-01-26 09:21:40 -0500


Started GET "/assets/jquery_ujs-0b8f09cf5aec4ba1be1abd9f915c77e2.js?body=1" for ::1 at 2015-01-26 09:21:40 -0500


Started GET "/assets/application-87bd87b2b6448711535da63878431bdf.js?body=1" for ::1 at 2015-01-26 09:21:40 -0500


Started GET "/assets/turbolinks-924184401b7d116eadaaefc96895fa84.js?body=1" for ::1 at 2015-01-26 09:21:40 -0500
